<?xml version="1.0" encoding="UTF-8"?>
<testng-results skipped="0" failed="0" ignored="0" total="1" passed="1">
  <reporter-output>
  </reporter-output>
  <suite name="Suite" duration-ms="40301" started-at="2020-08-29T16:37:07Z" finished-at="2020-08-29T16:37:47Z">
    <groups>
    </groups>
    <test name="Test" duration-ms="40301" started-at="2020-08-29T16:37:07Z" finished-at="2020-08-29T16:37:47Z">
      <class name="AmazonTest.Amazon.AmaTest">
        <test-method status="PASS" signature="initial()[pri:0, instance:AmazonTest.Amazon.AmaTest@210ab13f]" name="initial" is-config="true" duration-ms="20013" started-at="2020-08-29T22:07:07Z" finished-at="2020-08-29T22:07:27Z">
          <reporter-output>
          </reporter-output>
        </test-method> <!-- initial -->
        <test-method status="PASS" signature="normal(java.lang.String)[pri:0, instance:AmazonTest.Amazon.AmaTest@210ab13f]" name="normal" duration-ms="20119" started-at="2020-08-29T22:07:27Z" finished-at="2020-08-29T22:07:47Z">
          <params>
            <param index="0">
              <value>
                <![CDATA[https://www.amazon.com/]]>
              </value>
            </param>
          </params>
          <reporter-output>
          </reporter-output>
        </test-method> <!-- normal -->
      </class> <!-- AmazonTest.Amazon.AmaTest -->
    </test> <!-- Test -->
  </suite> <!-- Suite -->
</testng-results>
